{"/Users/vinguyen/Workspace/Antsomi/antsomi-ui/src/components/atoms/Button/Button.tsx": {"path":"/Users/vinguyen/Workspace/Antsomi/antsomi-ui/src/components/atoms/Button/Button.tsx","statementMap":{"0":{"start":{"line":1,"column":0},"end":{"line":1,"column":9}},"1":{"start":{"line":1,"column":9},"end":{"line":1,"column":30}}},"fnMap":{"0":{"name":"(anonymous_0)","decl":{"start":{"line":1,"column":9},"end":{"line":1,"column":15}},"loc":{"start":{"line":1,"column":9},"end":{"line":1,"column":30}}}},"branchMap":{},"s":{"0":1,"1":6},"f":{"0":5},"b":{}}
,"/Users/vinguyen/Workspace/Antsomi/antsomi-ui/src/components/atoms/InputNumber/InputNumber.tsx": {"path":"/Users/vinguyen/Workspace/Antsomi/antsomi-ui/src/components/atoms/InputNumber/InputNumber.tsx","statementMap":{"0":{"start":{"line":2,"column":0},"end":{"line":2,"column":26}},"1":{"start":{"line":3,"column":0},"end":{"line":3,"column":24}},"2":{"start":{"line":4,"column":0},"end":{"line":4,"column":96}},"3":{"start":{"line":7,"column":0},"end":{"line":7,"column":35}},"4":{"start":{"line":13,"column":55},"end":{"line":27,"column":1}},"5":{"start":{"line":15,"column":53},"end":{"line":15,"column":58}},"6":{"start":{"line":15,"column":48},"end":{"line":15,"column":53}},"7":{"start":{"line":17,"column":2},"end":{"line":26,"column":4}},"8":{"start":{"line":13,"column":13},"end":{"line":13,"column":55}},"9":{"start":{"line":29,"column":0},"end":{"line":31,"column":2}}},"fnMap":{"0":{"name":"(anonymous_2)","decl":{"start":{"line":13,"column":55},"end":{"line":13,"column":60}},"loc":{"start":{"line":13,"column":63},"end":{"line":27,"column":1}}}},"branchMap":{},"s":{"0":1,"1":1,"2":1,"3":1,"4":1,"5":2,"6":2,"7":2,"8":1,"9":1},"f":{"0":2},"b":{}}
}
