{"/Users/vinguyen/Workspace/Antsomi/antsomi-ui/src/components/atoms/Button/Button.tsx": {"path":"/Users/vinguyen/Workspace/Antsomi/antsomi-ui/src/components/atoms/Button/Button.tsx","statementMap":{"0":{"start":{"line":1,"column":0},"end":{"line":1,"column":9}},"1":{"start":{"line":1,"column":9},"end":{"line":1,"column":30}}},"fnMap":{"0":{"name":"(anonymous_0)","decl":{"start":{"line":1,"column":9},"end":{"line":1,"column":15}},"loc":{"start":{"line":1,"column":9},"end":{"line":1,"column":30}}}},"branchMap":{},"s":{"0":1,"1":6},"f":{"0":5},"b":{}}
}
